File Log: [INFO ] 2022-04-25 00:42:00,749 main Logger - Length of array chosen by user was: 25
File Log: [INFO ] 2022-04-25 00:46:16,309 main Logger - Length of array chosen by user was: 52
File Log: [INFO ] 2022-04-25 00:49:43,595 main Logger - Length of array chosen by user was: 25
File Log: [INFO ] 2022-04-25 00:50:04,074 main Logger - Length of array chosen by user was: 5
File Log: [INFO ] 2022-04-25 00:50:52,202 main Logger - Length of array chosen by user was: 25
File Log: [INFO ] [2022-04-25 00:51:57,714 main Logger] - Length of array chosen by user was: 2
File Log: [INFO ] 2022-04-25 00:53:05,808 main Logger - Length of array chosen by user was: 5
File Log: [INFO ] 2022-04-25 00:53:32,119 main Logger - Length of array chosen by user was: 25
File Log: [INFO ] 2022-04-25 00:54:02,230 main Logger - Length of array chosen by user was: 25
File Log: [INFO ] 2022-04-25 00:54:22,927 main Logger - Length of array chosen by user was: 25
File Log: [INFO ] 2022-04-25 00:54:47,749 main Logger - Length of array chosen by user was: 25
File Log: [INFO ] 2022-04-25 01:02:56,793 main Logger - Length of array chosen by user was: 25
File Log: [INFO ] 2022-04-25 01:04:45,968 main Logger - Length of array chosen by user was: 25
File Log: [INFO ] 2022-04-25 01:07:21,101 main Logger - Length of array chosen by user was: 5
File Log: [INFO ] 2022-04-25 01:08:14,826 main Logger - Length of array chosen by user was: 1500
File Log: [INFO ] 2022-04-25 01:12:47,836 main Logger - Length of array chosen by user was: 251
File Log: [INFO ] 2022-04-25 01:13:28,612 main Logger - Length of array chosen by user was: 350
File Log: [INFO ] 2022-04-25 01:13:49,836 main Logger - Length of array chosen by user was: 5
File Log: [INFO ] 2022-04-25 01:14:09,585 main Logger - Length of array chosen by user was: 999
File Log: [INFO ] 2022-04-25 01:14:32,237 main Logger - Length of array chosen by user was: 2000
File Log: [INFO ] 2022-04-25 01:29:34,093 main Logger - Length of array chosen by user was: 25
File Log: [INFO ] 2022-04-25 01:29:34,105 main Logger - Time Taken to execute the Merge algorithm:22300 nano seconds
File Log: [ERROR] 2022-04-25 01:41:07,906 main Logger - Error thrown: 
java.util.InputMismatchException: null
	at java.util.Scanner.throwFor(Scanner.java:943) ~[?:?]
	at java.util.Scanner.next(Scanner.java:1598) ~[?:?]
	at java.util.Scanner.nextInt(Scanner.java:2263) ~[?:?]
	at java.util.Scanner.nextInt(Scanner.java:2217) ~[?:?]
	at com.sparta.exceptions.SortManager.length(SortManager.java:20) ~[classes/:?]
	at com.sparta.sort.controller.DisplayManager.start(DisplayManager.java:11) ~[classes/:?]
	at com.sparta.sort.start.Main.main(Main.java:8) ~[classes/:?]
File Log: [ERROR] 2022-04-25 01:42:24,890 main Logger - Error thrown: 
java.util.InputMismatchException: null
	at java.util.Scanner.throwFor(Scanner.java:943) ~[?:?]
	at java.util.Scanner.next(Scanner.java:1598) ~[?:?]
	at java.util.Scanner.nextInt(Scanner.java:2263) ~[?:?]
	at java.util.Scanner.nextInt(Scanner.java:2217) ~[?:?]
	at com.sparta.exceptions.SortManager.length(SortManager.java:20) ~[classes/:?]
	at com.sparta.sort.controller.DisplayManager.start(DisplayManager.java:11) ~[classes/:?]
	at com.sparta.sort.start.Main.main(Main.java:8) ~[classes/:?]
File Log: [ERROR] 2022-04-25 01:45:11,278 main Logger - User did not enter a number 

java.util.InputMismatchException: null
	at java.util.Scanner.throwFor(Scanner.java:943) ~[?:?]
	at java.util.Scanner.next(Scanner.java:1598) ~[?:?]
	at java.util.Scanner.nextInt(Scanner.java:2263) ~[?:?]
	at java.util.Scanner.nextInt(Scanner.java:2217) ~[?:?]
	at com.sparta.exceptions.SortManager.length(SortManager.java:20) ~[classes/:?]
	at com.sparta.sort.controller.DisplayManager.start(DisplayManager.java:11) ~[classes/:?]
	at com.sparta.sort.start.Main.main(Main.java:8) ~[classes/:?]
File Log: [ERROR] 2022-04-25 01:46:50,687 main Logger - User did not enter a number instead they entered java.util.Scanner[delimiters=\p{javaWhitespace}+][position=0][match valid=false][need input=false][source closed=false][skipped=false][group separator=\x{2c}][decimal separator=\x{2e}][positive prefix=][negative prefix=\Q-\E][positive suffix=][negative suffix=][NaN string=\QNaN\E][infinity string=\Q∞\E]

java.util.InputMismatchException: null
	at java.util.Scanner.throwFor(Scanner.java:943) ~[?:?]
	at java.util.Scanner.next(Scanner.java:1598) ~[?:?]
	at java.util.Scanner.nextInt(Scanner.java:2263) ~[?:?]
	at java.util.Scanner.nextInt(Scanner.java:2217) ~[?:?]
	at com.sparta.exceptions.SortManager.length(SortManager.java:20) ~[classes/:?]
	at com.sparta.sort.controller.DisplayManager.start(DisplayManager.java:11) ~[classes/:?]
	at com.sparta.sort.start.Main.main(Main.java:8) ~[classes/:?]
File Log: [ERROR] 2022-04-25 01:47:34,864 main Logger - User did not enter a number instead they entered java.util.Scanner[delimiters=\p{javaWhitespace}+][position=0][match valid=false][need input=false][source closed=false][skipped=false][group separator=\x{2c}][decimal separator=\x{2e}][positive prefix=][negative prefix=\Q-\E][positive suffix=][negative suffix=][NaN string=\QNaN\E][infinity string=\Q∞\E]

java.util.InputMismatchException: null
	at java.util.Scanner.throwFor(Scanner.java:943) ~[?:?]
	at java.util.Scanner.next(Scanner.java:1598) ~[?:?]
	at java.util.Scanner.nextInt(Scanner.java:2263) ~[?:?]
	at java.util.Scanner.nextInt(Scanner.java:2217) ~[?:?]
	at com.sparta.exceptions.SortManager.length(SortManager.java:20) ~[classes/:?]
	at com.sparta.sort.controller.DisplayManager.start(DisplayManager.java:11) ~[classes/:?]
	at com.sparta.sort.start.Main.main(Main.java:8) ~[classes/:?]
File Log: [ERROR] 2022-04-25 01:49:48,884 main Logger - User did not enter a number 
java.util.InputMismatchException: null
	at java.util.Scanner.throwFor(Scanner.java:943) ~[?:?]
	at java.util.Scanner.next(Scanner.java:1598) ~[?:?]
	at java.util.Scanner.nextInt(Scanner.java:2263) ~[?:?]
	at java.util.Scanner.nextInt(Scanner.java:2217) ~[?:?]
	at com.sparta.exceptions.SortManager.length(SortManager.java:20) ~[classes/:?]
	at com.sparta.sort.controller.DisplayManager.start(DisplayManager.java:11) ~[classes/:?]
	at com.sparta.sort.start.Main.main(Main.java:8) ~[classes/:?]
File Log: [ERROR] 2022-04-25 01:53:25,215 main Logger - User did not enter a number 
java.util.InputMismatchException: null
	at java.util.Scanner.throwFor(Scanner.java:943) ~[?:?]
	at java.util.Scanner.next(Scanner.java:1598) ~[?:?]
	at java.util.Scanner.nextInt(Scanner.java:2263) ~[?:?]
	at java.util.Scanner.nextInt(Scanner.java:2217) ~[?:?]
	at com.sparta.exceptions.SortManager.length(SortManager.java:20) ~[classes/:?]
	at com.sparta.sort.controller.DisplayManager.start(DisplayManager.java:11) ~[classes/:?]
	at com.sparta.sort.start.Main.main(Main.java:8) ~[classes/:?]
File Log: [ERROR] 2022-04-25 01:53:29,631 main Logger - User did not enter a number 
java.util.InputMismatchException: null
	at java.util.Scanner.throwFor(Scanner.java:943) ~[?:?]
	at java.util.Scanner.next(Scanner.java:1598) ~[?:?]
	at java.util.Scanner.nextInt(Scanner.java:2263) ~[?:?]
	at java.util.Scanner.nextInt(Scanner.java:2217) ~[?:?]
	at com.sparta.exceptions.SortManager.length(SortManager.java:20) ~[classes/:?]
	at com.sparta.sort.controller.DisplayManager.start(DisplayManager.java:11) ~[classes/:?]
	at com.sparta.sort.start.Main.main(Main.java:8) ~[classes/:?]
File Log: [ERROR] 2022-04-25 01:53:38,479 main Logger - User entered: grege instead of Bubble || Merge
File Log: [ERROR] 2022-04-25 01:54:19,986 main Logger - User entered: 2544 instead of Bubble || Merge
File Log: [ERROR] 2022-04-25 01:54:46,812 main Logger - User entered: bublr instead of Bubble || Merge
File Log: [INFO ] 2022-04-25 01:54:48,669 main Logger - Length of array chosen by user was: 50
File Log: [INFO ] 2022-04-25 01:54:48,685 main Logger - Time Taken to execute the Bubble algorithm:62300 nano seconds
File Log: [ERROR] 2022-04-25 01:55:44,695 main Logger - User did not enter a number 
java.util.InputMismatchException: null
	at java.util.Scanner.throwFor(Scanner.java:943) ~[?:?]
	at java.util.Scanner.next(Scanner.java:1598) ~[?:?]
	at java.util.Scanner.nextInt(Scanner.java:2263) ~[?:?]
	at java.util.Scanner.nextInt(Scanner.java:2217) ~[?:?]
	at com.sparta.exceptions.SortManager.length(SortManager.java:20) ~[classes/:?]
	at com.sparta.sort.controller.DisplayManager.start(DisplayManager.java:11) ~[classes/:?]
	at com.sparta.sort.start.Main.main(Main.java:8) ~[classes/:?]
File Log: [ERROR] 2022-04-25 01:55:53,492 main Logger - User entered: 'grgre' instead of Bubble || Merge
File Log: [INFO ] 2022-04-25 01:56:05,701 main Logger - Time Taken to execute the Bubble algorithm:1ms
File Log: [INFO ] 2022-04-25 01:56:05,701 main Logger - Length of array chosen by user was: 250
File Log: [ERROR] 2022-04-25 01:58:24,216 main Logger - User did not enter a number 
java.util.InputMismatchException: null
	at java.util.Scanner.throwFor(Scanner.java:943) ~[?:?]
	at java.util.Scanner.next(Scanner.java:1598) ~[?:?]
	at java.util.Scanner.nextInt(Scanner.java:2263) ~[?:?]
	at java.util.Scanner.nextInt(Scanner.java:2217) ~[?:?]
	at com.sparta.exceptions.SortManager.length(SortManager.java:20) ~[classes/:?]
	at com.sparta.sort.controller.DisplayManager.start(DisplayManager.java:11) ~[classes/:?]
	at com.sparta.sort.start.Main.main(Main.java:8) ~[classes/:?]
File Log: [ERROR] 2022-04-25 01:58:49,961 main Logger - User did not enter a number 
File Log: [ERROR] 2022-04-25 01:59:06,361 main Logger - User entered: 'vfdger' instead of Bubble || Merge
File Log: [ERROR] 2022-04-25 01:59:13,087 main Logger - User entered: '56+2' instead of Bubble || Merge
File Log: [ERROR] 2022-04-25 01:59:17,936 main Logger - User entered: '454' instead of Bubble || Merge
